# JRE version: OpenJDK Runtime Environment (21.0.7+9) (build 21.0.7+9-LTS)
# Java VM: OpenJDK 64-Bit Server VM (21.0.7+9-LTS, mixed mode, sharing, tiered, compressed oops, compressed class ptrs, g1 gc, windows-amd64)
GC Precious Log:
 CardTable entry size: 512
 Card Set container configuration: InlinePtr #cards 5 size 8 Array Of Cards #cards 12 size 40 Howl #buckets 4 coarsen threshold 1843 Howl Bitmap #cards 512 size 80 coarsen threshold 460 Card regions per heap region 1 cards per card region 2048
 CPUs: 4 total, 4 available
 Memory: 3916M
 Large Page Support: Disabled
 NUMA Support: Disabled
 Compressed Oops: Enabled (32-bit)
 Heap Region Size: 1M
 Heap Min Capacity: 8M
 Heap Initial Capacity: 62M
 Heap Max Capacity: 980M
 Pre-touch: Disabled
 Parallel Workers: 4
 Concurrent Workers: 1
 Concurrent Refinement Workers: 4
 Periodic GC: Disabled
Heap:
 garbage-first heap   total 56320K, used 48897K [0x00000000c2c00000, 0x0000000100000000)
  region size 1024K, 13 young (13312K), 1 survivors (1024K)
 Metaspace       used 72296K, committed 73088K, reserved 1114112K
  class space    used 9519K, committed 9856K, reserved 1048576K
GC Heap History (20 events):
Event: 23.667 GC heap after
{Heap after GC invocations=14 (full 0):
 garbage-first heap   total 51200K, used 26979K [0x00000000c2c00000, 0x0000000100000000)
  region size 1024K, 3 young (3072K), 3 survivors (3072K)
 Metaspace       used 49372K, committed 49920K, reserved 1114112K
  class space    used 6329K, committed 6592K, reserved 1048576K
}
Event: 24.945 GC heap before
{Heap before GC invocations=14 (full 0):
 garbage-first heap   total 51200K, used 43363K [0x00000000c2c00000, 0x0000000100000000)
  region size 1024K, 20 young (20480K), 3 survivors (3072K)
 Metaspace       used 53159K, committed 53696K, reserved 1114112K
  class space    used 6825K, committed 7040K, reserved 1048576K
}
Event: 24.952 GC heap after
{Heap after GC invocations=15 (full 0):
 garbage-first heap   total 51200K, used 28932K [0x00000000c2c00000, 0x0000000100000000)
  region size 1024K, 2 young (2048K), 2 survivors (2048K)
 Metaspace       used 53159K, committed 53696K, reserved 1114112K
  class space    used 6825K, committed 7040K, reserved 1048576K
}
Event: 26.311 GC heap before
{Heap before GC invocations=16 (full 0):
 garbage-first heap   total 51200K, used 44292K [0x00000000c2c00000, 0x0000000100000000)
  region size 1024K, 18 young (18432K), 2 survivors (2048K)
 Metaspace       used 56308K, committed 56896K, reserved 1114112K
  class space    used 7213K, committed 7488K, reserved 1048576K
}
Event: 26.316 GC heap after
{Heap after GC invocations=17 (full 0):
 garbage-first heap   total 51200K, used 29843K [0x00000000c2c00000, 0x0000000100000000)
  region size 1024K, 1 young (1024K), 1 survivors (1024K)
 Metaspace       used 56308K, committed 56896K, reserved 1114112K
  class space    used 7213K, committed 7488K, reserved 1048576K
}
Event: 27.304 GC heap before
{Heap before GC invocations=17 (full 0):
 garbage-first heap   total 51200K, used 44179K [0x00000000c2c00000, 0x0000000100000000)
  region size 1024K, 16 young (16384K), 1 survivors (1024K)
 Metaspace       used 61800K, committed 62400K, reserved 1114112K
  class space    used 8105K, committed 8384K, reserved 1048576K
}
Event: 27.309 GC heap after
{Heap after GC invocations=18 (full 0):
 garbage-first heap   total 51200K, used 30177K [0x00000000c2c00000, 0x0000000100000000)
  region size 1024K, 2 young (2048K), 2 survivors (2048K)
 Metaspace       used 61800K, committed 62400K, reserved 1114112K
  class space    used 8105K, committed 8384K, reserved 1048576K
}
Event: 27.950 GC heap before
{Heap before GC invocations=18 (full 0):
 garbage-first heap   total 51200K, used 45537K [0x00000000c2c00000, 0x0000000100000000)
  region size 1024K, 17 young (17408K), 2 survivors (2048K)
 Metaspace       used 62648K, committed 63296K, reserved 1114112K
  class space    used 8201K, committed 8512K, reserved 1048576K
}
Event: 27.953 GC heap after
{Heap after GC invocations=19 (full 0):
 garbage-first heap   total 51200K, used 30490K [0x00000000c2c00000, 0x0000000100000000)
  region size 1024K, 2 young (2048K), 2 survivors (2048K)
 Metaspace       used 62648K, committed 63296K, reserved 1114112K
  class space    used 8201K, committed 8512K, reserved 1048576K
}
Event: 29.981 GC heap before
{Heap before GC invocations=20 (full 0):
 garbage-first heap   total 51200K, used 45850K [0x00000000c2c00000, 0x0000000100000000)
  region size 1024K, 17 young (17408K), 2 survivors (2048K)
 Metaspace       used 66121K, committed 66816K, reserved 1114112K
  class space    used 8689K, committed 9024K, reserved 1048576K
}
Event: 29.989 GC heap after
{Heap after GC invocations=21 (full 0):
 garbage-first heap   total 51200K, used 32423K [0x00000000c2c00000, 0x0000000100000000)
  region size 1024K, 3 young (3072K), 3 survivors (3072K)
 Metaspace       used 66121K, committed 66816K, reserved 1114112K
  class space    used 8689K, committed 9024K, reserved 1048576K
}
Event: 31.511 GC heap before
{Heap before GC invocations=21 (full 0):
 garbage-first heap   total 51200K, used 44711K [0x00000000c2c00000, 0x0000000100000000)
  region size 1024K, 15 young (15360K), 3 survivors (3072K)
 Metaspace       used 67652K, committed 68352K, reserved 1114112K
  class space    used 8920K, committed 9280K, reserved 1048576K
}
Event: 31.518 GC heap after
{Heap after GC invocations=22 (full 0):
 garbage-first heap   total 51200K, used 32698K [0x00000000c2c00000, 0x0000000100000000)
  region size 1024K, 2 young (2048K), 2 survivors (2048K)
 Metaspace       used 67652K, committed 68352K, reserved 1114112K
  class space    used 8920K, committed 9280K, reserved 1048576K
}
Event: 32.896 GC heap before
{Heap before GC invocations=22 (full 0):
 garbage-first heap   total 51200K, used 44986K [0x00000000c2c00000, 0x0000000100000000)
  region size 1024K, 14 young (14336K), 2 survivors (2048K)
 Metaspace       used 68091K, committed 68736K, reserved 1114112K
  class space    used 8939K, committed 9280K, reserved 1048576K
}
Event: 32.901 GC heap after
{Heap after GC invocations=23 (full 0):
 garbage-first heap   total 51200K, used 33400K [0x00000000c2c00000, 0x0000000100000000)
  region size 1024K, 1 young (1024K), 1 survivors (1024K)
 Metaspace       used 68091K, committed 68736K, reserved 1114112K
  class space    used 8939K, committed 9280K, reserved 1048576K
}
Event: 33.958 GC heap before
{Heap before GC invocations=24 (full 0):
 garbage-first heap   total 56320K, used 45688K [0x00000000c2c00000, 0x0000000100000000)
  region size 1024K, 13 young (13312K), 1 survivors (1024K)
 Metaspace       used 69295K, committed 69952K, reserved 1114112K
  class space    used 9103K, committed 9408K, reserved 1048576K
}
Event: 33.964 GC heap after
{Heap after GC invocations=25 (full 0):
 garbage-first heap   total 56320K, used 34770K [0x00000000c2c00000, 0x0000000100000000)
  region size 1024K, 2 young (2048K), 2 survivors (2048K)
 Metaspace       used 69295K, committed 69952K, reserved 1114112K
  class space    used 9103K, committed 9408K, reserved 1048576K
}
Event: 35.485 GC heap before
{Heap before GC invocations=25 (full 0):
 garbage-first heap   total 56320K, used 50130K [0x00000000c2c00000, 0x0000000100000000)
  region size 1024K, 17 young (17408K), 2 survivors (2048K)
 Metaspace       used 71606K, committed 72384K, reserved 1114112K
  class space    used 9423K, committed 9792K, reserved 1048576K
}
Event: 35.494 GC heap after
{Heap after GC invocations=26 (full 0):
 garbage-first heap   total 56320K, used 36609K [0x00000000c2c00000, 0x0000000100000000)
  region size 1024K, 3 young (3072K), 3 survivors (3072K)
 Metaspace       used 71606K, committed 72384K, reserved 1114112K
  class space    used 9423K, committed 9792K, reserved 1048576K
}
Event: 101.829 GC heap before
{Heap before GC invocations=26 (full 0):
 garbage-first heap   total 56320K, used 48897K [0x00000000c2c00000, 0x0000000100000000)
  region size 1024K, 15 young (15360K), 3 survivors (3072K)
 Metaspace       used 72296K, committed 73088K, reserved 1114112K
  class space    used 9519K, committed 9856K, reserved 1048576K
}

